[0.083s] Invoking command in '/home/ubuntu/Desktop/Research_Track_I/build/Assignment1': CMAKE_PREFIX_PATH=${CMAKE_PREFIX_PATH}:/opt/ros/jazzy /usr/bin/cmake --build /home/ubuntu/Desktop/Research_Track_I/build/Assignment1 -- -j8 -l8
[0.813s] -- Found ament_cmake: 2.5.4 (/opt/ros/jazzy/share/ament_cmake/cmake)
[1.465s] -- Found rclcpp: 28.1.12 (/opt/ros/jazzy/share/rclcpp/cmake)
[1.645s] -- Found rosidl_generator_c: 4.6.6 (/opt/ros/jazzy/share/rosidl_generator_c/cmake)
[1.683s] -- Found rosidl_generator_cpp: 4.6.6 (/opt/ros/jazzy/share/rosidl_generator_cpp/cmake)
[1.736s] -- Using all available rosidl_typesupport_c: rosidl_typesupport_fastrtps_c;rosidl_typesupport_introspection_c
[1.801s] -- Using all available rosidl_typesupport_cpp: rosidl_typesupport_fastrtps_cpp;rosidl_typesupport_introspection_cpp
[2.111s] -- Found rmw_implementation_cmake: 7.3.2 (/opt/ros/jazzy/share/rmw_implementation_cmake/cmake)
[2.127s] -- Found rmw_fastrtps_cpp: 8.4.3 (/opt/ros/jazzy/share/rmw_fastrtps_cpp/cmake)
[2.438s] -- Using RMW implementation 'rmw_fastrtps_cpp' as default
[2.670s] -- Found geometry_msgs: 5.3.6 (/opt/ros/jazzy/share/geometry_msgs/cmake)
[2.820s] -- Found turtlesim: 1.8.3 (/opt/ros/jazzy/share/turtlesim/cmake)
[3.070s] -- Found ament_lint_auto: 0.17.3 (/opt/ros/jazzy/share/ament_lint_auto/cmake)
[3.244s] WARNING: Package name "Assignment1" does not follow the naming conventions. It should start with a lower case letter and only contain lower case letters, digits, underscores, and dashes.
[3.308s] -- Added test 'cppcheck' to perform static code analysis on C / C++ code
[3.308s] -- Configured cppcheck include dirs: 
[3.308s] -- Configured cppcheck exclude dirs and/or files: 
[3.312s] -- Added test 'lint_cmake' to check CMake code style
[3.314s] -- Added test 'uncrustify' to check C / C++ code style
[3.314s] -- Configured uncrustify additional arguments: 
[3.315s] -- Added test 'xmllint' to check XML markup files
[3.325s] -- Configuring done (2.6s)
[3.437s] -- Generating done (0.1s)
[3.464s] -- Build files have been written to: /home/ubuntu/Desktop/Research_Track_I/build/Assignment1
[3.742s] [ 25%] [32mBuilding CXX object CMakeFiles/node2.dir/src/node2.cpp.o[0m
[3.742s] [ 50%] [32mBuilding CXX object CMakeFiles/node1.dir/src/node1.cpp.o[0m
[8.809s] [01m[K/home/ubuntu/Desktop/Research_Track_I/src/Assignment1/src/node2.cpp:[m[K In member function â€˜[01m[Kvoid DistanceMonitor::[01;32m[Kcheck_distance[m[K()[m[Kâ€™:
[8.809s] [01m[K/home/ubuntu/Desktop/Research_Track_I/src/Assignment1/src/node2.cpp:107:24:[m[K [01;31m[Kerror: [m[Kâ€˜[01m[Kstop_msg[m[Kâ€™ was not declared in this scope
[8.809s]   107 |         pub1_->publish([01;31m[Kstop_msg[m[K);
[8.809s]       |                        [01;31m[K^~~~~~~~[m[K
[12.651s] [ 75%] [32m[1mLinking CXX executable node1[0m
[13.220s] [ 75%] Built target node1
[13.321s] gmake[2]: *** [CMakeFiles/node2.dir/build.make:76: CMakeFiles/node2.dir/src/node2.cpp.o] Error 1
[13.323s] gmake[1]: *** [CMakeFiles/Makefile2:165: CMakeFiles/node2.dir/all] Error 2
[13.325s] gmake: *** [Makefile:146: all] Error 2
[13.365s] Invoked command in '/home/ubuntu/Desktop/Research_Track_I/build/Assignment1' returned '2': CMAKE_PREFIX_PATH=${CMAKE_PREFIX_PATH}:/opt/ros/jazzy /usr/bin/cmake --build /home/ubuntu/Desktop/Research_Track_I/build/Assignment1 -- -j8 -l8
