[ 25%] [32mBuilding CXX object CMakeFiles/node1.dir/src/node1.cpp.o[0m
[ 75%] Built target node2
[01m[K/home/ubuntu/Desktop/Research_Track_I/src/Assignment1/src/node1.cpp:[m[K In member function â€˜[01m[Kvoid TurtlesimUI::[01;32m[Kuser_input_loop[m[K()[m[Kâ€™:
[01m[K/home/ubuntu/Desktop/Research_Track_I/src/Assignment1/src/node1.cpp:73:13:[m[K [01;31m[Kerror: [m[Kcontinue statement not within a loop
   73 |             [01;31m[Kcontinue[m[K;
      |             [01;31m[K^~~~~~~~[m[K
[01m[K/home/ubuntu/Desktop/Research_Track_I/src/Assignment1/src/node1.cpp:81:13:[m[K [01;31m[Kerror: [m[Kcontinue statement not within a loop
   81 |             [01;31m[Kcontinue[m[K;
      |             [01;31m[K^~~~~~~~[m[K
[01m[K/home/ubuntu/Desktop/Research_Track_I/src/Assignment1/src/node1.cpp:89:13:[m[K [01;31m[Kerror: [m[Kcontinue statement not within a loop
   89 |             [01;31m[Kcontinue[m[K;
      |             [01;31m[K^~~~~~~~[m[K
gmake[2]: *** [CMakeFiles/node1.dir/build.make:76: CMakeFiles/node1.dir/src/node1.cpp.o] Error 1
gmake[1]: *** [CMakeFiles/Makefile2:139: CMakeFiles/node1.dir/all] Error 2
gmake: *** [Makefile:146: all] Error 2
